c:\users\batuhan\desktop\nsst_repo\non-subsampled_shearlet_transform\form_nsst\form_empty\debug\vc142.pdb
c:\users\batuhan\desktop\nsst_repo\non-subsampled_shearlet_transform\form_nsst\form_empty\debug\.netframework,versıon=v4.5.assemblyattrıbutes.obj
c:\users\batuhan\desktop\nsst_repo\non-subsampled_shearlet_transform\form_nsst\form_empty\debug\process.obj
c:\users\batuhan\desktop\nsst_repo\non-subsampled_shearlet_transform\form_nsst\form_empty\debug\nsstrec.obj
c:\users\batuhan\desktop\nsst_repo\non-subsampled_shearlet_transform\form_nsst\form_empty\debug\myform.obj
c:\users\batuhan\desktop\nsst_repo\non-subsampled_shearlet_transform\form_nsst\form_empty\debug\matlabfuncs.obj
c:\users\batuhan\desktop\nsst_repo\non-subsampled_shearlet_transform\form_nsst\form_empty\debug\ımage.obj
c:\users\batuhan\desktop\nsst_repo\non-subsampled_shearlet_transform\form_nsst\form_empty\debug\fft.obj
c:\users\batuhan\desktop\nsst_repo\non-subsampled_shearlet_transform\form_nsst\form_empty\debug\atrousfılters.obj
c:\users\batuhan\desktop\nsst_repo\non-subsampled_shearlet_transform\form_nsst\form_empty\debug\symext.obj
c:\users\batuhan\desktop\nsst_repo\non-subsampled_shearlet_transform\form_nsst\form_empty\debug\shearıngfıltersmyer.obj
c:\users\batuhan\desktop\nsst_repo\non-subsampled_shearlet_transform\form_nsst\form_empty\debug\atrousdec.obj
c:\users\batuhan\desktop\nsst_repo\non-subsampled_shearlet_transform\form_nsst\form_empty\debug\nsstdec.obj
c:\users\batuhan\desktop\nsst_repo\non-subsampled_shearlet_transform\form_nsst\form_empty\debug\nsst_form.tlog\metagen.wrıte.1.tlog
c:\users\batuhan\desktop\nsst_repo\non-subsampled_shearlet_transform\form_nsst\form_empty\debug\form_empty.myform.resources
c:\users\batuhan\desktop\nsst_repo\non-subsampled_shearlet_transform\form_nsst\form_empty\debug\form_empty.vcxproj.generateresource.cache
c:\users\batuhan\desktop\nsst_repo\non-subsampled_shearlet_transform\form_nsst\form_empty\debug\form_empty.vcxprojassemblyreference.cache
c:\users\batuhan\desktop\nsst_repo\non-subsampled_shearlet_transform\form_nsst\form_empty\debug\.netframework,version=v4.5.assemblyattributes.obj
c:\users\batuhan\desktop\nsst_repo\non-subsampled_shearlet_transform\form_nsst\form_empty\debug\atrousfilters.obj
c:\users\batuhan\desktop\nsst_repo\non-subsampled_shearlet_transform\form_nsst\form_empty\debug\shearingfiltersmyer.obj
c:\users\batuhan\desktop\nsst_repo\non-subsampled_shearlet_transform\form_nsst\debug\nsst_form.pdb
c:\users\batuhan\desktop\nsst_repo\non-subsampled_shearlet_transform\form_nsst\form_empty\debug\nsst_form.tlog\cl.command.1.tlog
c:\users\batuhan\desktop\nsst_repo\non-subsampled_shearlet_transform\form_nsst\form_empty\debug\nsst_form.tlog\cl.read.1.tlog
c:\users\batuhan\desktop\nsst_repo\non-subsampled_shearlet_transform\form_nsst\form_empty\debug\nsst_form.tlog\cl.write.1.tlog
c:\users\batuhan\desktop\nsst_repo\non-subsampled_shearlet_transform\form_nsst\form_empty\debug\nsst_form.tlog\link.11844.8780-cvtres.read.1.tlog
c:\users\batuhan\desktop\nsst_repo\non-subsampled_shearlet_transform\form_nsst\form_empty\debug\nsst_form.tlog\link.11844.8780-cvtres.write.1.tlog
c:\users\batuhan\desktop\nsst_repo\non-subsampled_shearlet_transform\form_nsst\form_empty\debug\nsst_form.tlog\link.11844.8780-rc.read.1.tlog
c:\users\batuhan\desktop\nsst_repo\non-subsampled_shearlet_transform\form_nsst\form_empty\debug\nsst_form.tlog\link.11844.8780-rc.write.1.tlog
c:\users\batuhan\desktop\nsst_repo\non-subsampled_shearlet_transform\form_nsst\form_empty\debug\nsst_form.tlog\link.11844.8780.read.1.tlog
c:\users\batuhan\desktop\nsst_repo\non-subsampled_shearlet_transform\form_nsst\form_empty\debug\nsst_form.tlog\link.11844.8780.write.1.tlog
c:\users\batuhan\desktop\nsst_repo\non-subsampled_shearlet_transform\form_nsst\form_empty\debug\nsst_form.tlog\link.11844.read.1.tlog
c:\users\batuhan\desktop\nsst_repo\non-subsampled_shearlet_transform\form_nsst\form_empty\debug\nsst_form.tlog\link.11844.write.1.tlog
c:\users\batuhan\desktop\nsst_repo\non-subsampled_shearlet_transform\form_nsst\form_empty\debug\nsst_form.tlog\link.23344.2652-cvtres.read.1.tlog
c:\users\batuhan\desktop\nsst_repo\non-subsampled_shearlet_transform\form_nsst\form_empty\debug\nsst_form.tlog\link.23344.2652-cvtres.write.1.tlog
c:\users\batuhan\desktop\nsst_repo\non-subsampled_shearlet_transform\form_nsst\form_empty\debug\nsst_form.tlog\link.23344.2652-rc.read.1.tlog
c:\users\batuhan\desktop\nsst_repo\non-subsampled_shearlet_transform\form_nsst\form_empty\debug\nsst_form.tlog\link.23344.2652-rc.write.1.tlog
c:\users\batuhan\desktop\nsst_repo\non-subsampled_shearlet_transform\form_nsst\form_empty\debug\nsst_form.tlog\link.23344.2652.read.1.tlog
c:\users\batuhan\desktop\nsst_repo\non-subsampled_shearlet_transform\form_nsst\form_empty\debug\nsst_form.tlog\link.23344.2652.write.1.tlog
c:\users\batuhan\desktop\nsst_repo\non-subsampled_shearlet_transform\form_nsst\form_empty\debug\nsst_form.tlog\link.23344.read.1.tlog
c:\users\batuhan\desktop\nsst_repo\non-subsampled_shearlet_transform\form_nsst\form_empty\debug\nsst_form.tlog\link.23344.write.1.tlog
c:\users\batuhan\desktop\nsst_repo\non-subsampled_shearlet_transform\form_nsst\form_empty\debug\nsst_form.tlog\link.command.1.tlog
c:\users\batuhan\desktop\nsst_repo\non-subsampled_shearlet_transform\form_nsst\form_empty\debug\nsst_form.tlog\link.read.1.tlog
c:\users\batuhan\desktop\nsst_repo\non-subsampled_shearlet_transform\form_nsst\form_empty\debug\nsst_form.tlog\link.write.1.tlog
c:\users\batuhan\desktop\nsst_repo\non-subsampled_shearlet_transform\form_nsst\form_empty\debug\nsst_form.tlog\metagen.read.1.tlog
c:\users\batuhan\desktop\nsst_repo\non-subsampled_shearlet_transform\form_nsst\form_empty\debug\nsst_form.tlog\metagen.write.1.tlog
c:\users\batuhan\desktop\nsst_repo\non-subsampled_shearlet_transform\form_nsst\form_empty\debug\nsst_form.tlog\nsst_form.write.1u.tlog
c:\users\batuhan\desktop\nsst_repo\non-subsampled_shearlet_transform\form_nsst\form_empty\debug\nsst_form.tlog\system.data.dll.metagen
c:\users\batuhan\desktop\nsst_repo\non-subsampled_shearlet_transform\form_nsst\form_empty\debug\nsst_form.tlog\system.dll.metagen
c:\users\batuhan\desktop\nsst_repo\non-subsampled_shearlet_transform\form_nsst\form_empty\debug\nsst_form.tlog\system.drawıng.dll.metagen
c:\users\batuhan\desktop\nsst_repo\non-subsampled_shearlet_transform\form_nsst\form_empty\debug\nsst_form.tlog\system.wındows.forms.dll.metagen
c:\users\batuhan\desktop\nsst_repo\non-subsampled_shearlet_transform\form_nsst\form_empty\debug\nsst_form.tlog\system.xml.dll.metagen
c:\users\batuhan\desktop\nsst_repo\non-subsampled_shearlet_transform\form_nsst\form_empty\debug\nsst_form.tlog\clr.dll.bi
c:\users\batuhan\desktop\nsst_repo\non-subsampled_shearlet_transform\form_nsst\form_empty\debug\nsst_form.tlog\cluı.dll.bi
c:\users\batuhan\desktop\nsst_repo\non-subsampled_shearlet_transform\form_nsst\form_empty\debug\nsst_form.tlog\mscorwks.dll.bi
c:\users\batuhan\desktop\nsst_repo\non-subsampled_shearlet_transform\form_nsst\form_empty\debug\nsst_form.tlog\tzres.dll.bi
